#
# There is insufficient memory for the Java Runtime Environment to continue.
# Native memory allocation (malloc) failed to allocate 1048576 bytes for AllocateHeap
# Possible reasons:
#   The system is out of physical RAM or swap space
#   In 32 bit mode, the process size limit was hit
# Possible solutions:
#   Reduce memory load on the system
#   Increase physical memory or swap space
#   Check if swap backing store is full
#   Use 64 bit Java on a 64 bit OS
#   Decrease Java heap size (-Xmx/-Xms)
#   Decrease number of Java threads
#   Decrease Java thread stack sizes (-Xss)
#   Set larger code cache with -XX:ReservedCodeCacheSize=
# This output file may be truncated or incomplete.
#
#  Out of Memory Error (memory/allocation.inline.hpp:61), pid=118992, tid=0x000000000001d318
#
# JRE version:  (8.0_191-b12) (build )
# Java VM: Java HotSpot(TM) 64-Bit Server VM (25.191-b12 mixed mode windows-amd64 compressed oops)
# Failed to write core dump. Minidumps are not enabled by default on client versions of Windows
#

---------------  T H R E A D  ---------------

Current thread (0x0000000003274000):  JavaThread "Unknown thread" [_thread_in_vm, id=119576, stack(0x0000000003000000,0x0000000003100000)]

Stack: [0x0000000003000000,0x0000000003100000]
[error occurred during error reporting (printing stack bounds), id 0xc0000005]

Native frames: (J=compiled Java code, j=interpreted, Vv=VM code, C=native code)


---------------  P R O C E S S  ---------------

Java Threads: ( => current thread )

Other Threads:

=>0x0000000003274000 (exited) JavaThread "Unknown thread" [_thread_in_vm, id=119576, stack(0x0000000003000000,0x0000000003100000)]

VM state:not at safepoint (normal execution)

VM Mutex/Monitor currently owned by a thread: None

Heap:
 PSYoungGen      total 76288K, used 1310K [0x000000076b200000, 0x0000000770700000, 0x00000007c0000000)
  eden space 65536K, 2% used [0x000000076b200000,0x000000076b347af0,0x000000076f200000)
  from space 10752K, 0% used [0x000000076fc80000,0x000000076fc80000,0x0000000770700000)
  to   space 10752K, 0% used [0x000000076f200000,0x000000076f200000,0x000000076fc80000)
 ParOldGen       total 175104K, used 0K [0x00000006c1600000, 0x00000006cc100000, 0x000000076b200000)
  object space 175104K, 0% used [0x00000006c1600000,0x00000006c1600000,0x00000006cc100000)
 Metaspace       used 786K, capacity 4480K, committed 4480K, reserved 1056768K
  class space    used 76K, capacity 384K, committed 384K, reserved 1048576K

Card table byte_map: [0x0000000012730000,0x0000000012f30000] byte_map_base: 0x000000000f125000

Marking Bits: (ParMarkBitMap*) 0x00000000767f3e30
 Begin Bits: [0x0000000013e80000, 0x0000000017e28000)
 End Bits:   [0x0000000017e28000, 0x000000001bdd0000)

Polling page: 0x0000000000e00000

CodeCache: size=245760Kb used=328Kb max_used=328Kb free=245431Kb
 bounds [0x0000000003370000, 0x00000000035e0000, 0x0000000012370000]
 total_blobs=58 nmethods=0 adapters=38
 compilation: enabled

Compilation events (0 events):
No events

GC Heap History (0 events):
No events

Deoptimization events (0 events):
No events

Classes redefined (0 events):
No events

Internal exceptions (0 events):
No events

Events (10 events):
Event: 0.041 loading class java/lang/Short
Event: 0.041 loading class java/lang/Short done
Event: 0.041 loading class java/lang/Integer
Event: 0.041 loading class java/lang/Integer done
Event: 0.041 loading class java/lang/Long
Event: 0.041 loading class java/lang/Long done
Event: 0.042 loading class java/lang/NullPointerException
Event: 0.042 loading class java/lang/NullPointerException done
Event: 0.042 loading class java/lang/ArithmeticException
Event: 0.042 loading class java/lang/ArithmeticException done


Dynamic libraries:
0x00007ff71f940000 - 0x00007ff71f977000 	E:\work_tool\Java\jdk1.8.0_191\bin\java.exe
0x00007fffdc110000 - 0x00007fffdc308000 	C:\WINDOWS\SYSTEM32\ntdll.dll
0x00007fffda410000 - 0x00007fffda4cf000 	C:\WINDOWS\System32\KERNEL32.DLL
0x00007fffd9b10000 - 0x00007fffd9e06000 	C:\WINDOWS\System32\KERNELBASE.dll
0x00007fffda180000 - 0x00007fffda22f000 	C:\WINDOWS\System32\ADVAPI32.dll
0x00007fffda890000 - 0x00007fffda92e000 	C:\WINDOWS\System32\msvcrt.dll
0x00007fffdac10000 - 0x00007fffdacac000 	C:\WINDOWS\System32\sechost.dll
0x00007fffda930000 - 0x00007fffdaa56000 	C:\WINDOWS\System32\RPCRT4.dll
0x00007fffdbf00000 - 0x00007fffdc09d000 	C:\WINDOWS\System32\USER32.dll
0x00007fffd9a50000 - 0x00007fffd9a72000 	C:\WINDOWS\System32\win32u.dll
0x00007fffdc0a0000 - 0x00007fffdc0cc000 	C:\WINDOWS\System32\GDI32.dll
0x00007fffd9860000 - 0x00007fffd9975000 	C:\WINDOWS\System32\gdi32full.dll
0x00007fffd99b0000 - 0x00007fffd9a4d000 	C:\WINDOWS\System32\msvcp_win.dll
0x00007fffda070000 - 0x00007fffda170000 	C:\WINDOWS\System32\ucrtbase.dll
0x00007fffc5760000 - 0x00007fffc59fa000 	C:\WINDOWS\WinSxS\amd64_microsoft.windows.common-controls_6595b64144ccf1df_6.0.19041.1110_none_60b5254171f9507e\COMCTL32.dll
0x00007fffda230000 - 0x00007fffda260000 	C:\WINDOWS\System32\IMM32.DLL
0x0000000076880000 - 0x0000000076952000 	E:\work_tool\Java\jdk1.8.0_191\jre\bin\msvcr100.dll
0x0000000075fd0000 - 0x0000000076874000 	E:\work_tool\Java\jdk1.8.0_191\jre\bin\server\jvm.dll
0x00007fffda170000 - 0x00007fffda178000 	C:\WINDOWS\System32\PSAPI.DLL
0x00007fffcfac0000 - 0x00007fffcfaca000 	C:\WINDOWS\SYSTEM32\VERSION.dll
0x00007fffd53a0000 - 0x00007fffd53a9000 	C:\WINDOWS\SYSTEM32\WSOCK32.dll
0x00007fffcfc00000 - 0x00007fffcfc27000 	C:\WINDOWS\SYSTEM32\WINMM.dll
0x00007fffdbdc0000 - 0x00007fffdbe2b000 	C:\WINDOWS\System32\WS2_32.dll
0x0000000075fc0000 - 0x0000000075fcf000 	E:\work_tool\Java\jdk1.8.0_191\jre\bin\verify.dll
0x0000000075f90000 - 0x0000000075fb9000 	E:\work_tool\Java\jdk1.8.0_191\jre\bin\java.dll
0x0000000075ec0000 - 0x0000000075ef5000 	E:\work_tool\Java\jdk1.8.0_191\jre\bin\jdwp.dll
0x0000000075eb0000 - 0x0000000075eb8000 	E:\work_tool\Java\jdk1.8.0_191\jre\bin\npt.dll
0x0000000075e80000 - 0x0000000075ea3000 	E:\work_tool\Java\jdk1.8.0_191\jre\bin\instrument.dll
0x0000000075f70000 - 0x0000000075f86000 	E:\work_tool\Java\jdk1.8.0_191\jre\bin\zip.dll

VM Arguments:
jvm_args: -agentlib:jdwp=transport=dt_socket,address=127.0.0.1:50896,suspend=y,server=n -javaagent:C:\Users\86130\AppData\Local\JetBrains\IntelliJIdea2022.3\captureAgent\debugger-agent.jar -Dfile.encoding=UTF-8 
java_command: my_sort.HeapSort
java_class_path (initial): E:\work_tool\Java\jdk1.8.0_191\jre\lib\charsets.jar;E:\work_tool\Java\jdk1.8.0_191\jre\lib\deploy.jar;E:\work_tool\Java\jdk1.8.0_191\jre\lib\ext\access-bridge-64.jar;E:\work_tool\Java\jdk1.8.0_191\jre\lib\ext\cldrdata.jar;E:\work_tool\Java\jdk1.8.0_191\jre\lib\ext\dnsns.jar;E:\work_tool\Java\jdk1.8.0_191\jre\lib\ext\jaccess.jar;E:\work_tool\Java\jdk1.8.0_191\jre\lib\ext\jfxrt.jar;E:\work_tool\Java\jdk1.8.0_191\jre\lib\ext\localedata.jar;E:\work_tool\Java\jdk1.8.0_191\jre\lib\ext\nashorn.jar;E:\work_tool\Java\jdk1.8.0_191\jre\lib\ext\sunec.jar;E:\work_tool\Java\jdk1.8.0_191\jre\lib\ext\sunjce_provider.jar;E:\work_tool\Java\jdk1.8.0_191\jre\lib\ext\sunmscapi.jar;E:\work_tool\Java\jdk1.8.0_191\jre\lib\ext\sunpkcs11.jar;E:\work_tool\Java\jdk1.8.0_191\jre\lib\ext\zipfs.jar;E:\work_tool\Java\jdk1.8.0_191\jre\lib\javaws.jar;E:\work_tool\Java\jdk1.8.0_191\jre\lib\jce.jar;E:\work_tool\Java\jdk1.8.0_191\jre\lib\jfr.jar;E:\work_tool\Java\jdk1.8.0_191\jre\lib\jfxswt.jar;E:\work_tool\Java\jdk1.8.0_191\jre\lib\jsse.jar;E:\work_tool\Java\jdk1.8.0_191\jre\lib\management-agent.jar;E:\work_tool\Java\jdk1.8.0_191\jre\lib\plugin.jar;E:\work_tool\Java\jdk1.8.0_191\jre\lib\resources.jar;E:\work_tool\Java\jdk1.8.0_191\jre\lib\rt.jar;E:\workSpace\algo\out\production\sortStudy;C:\Users\86130\.m2\repository\junit\junit\4.13.1\junit-4.13.1.jar;C:\Users\86130\.m2\repository\org\hamcrest\hamcrest-core\1.3\hamcrest-core-1.3.jar;E:\software\IDEA\IntelliJ IDEA 2022.3.1\lib\idea_rt.jar;C:\Users\86130\AppData\Local\JetBrains\IntelliJIdea2022.3\captureAgent\debugger-agent.jar
Launcher Type: SUN_STANDARD

Environment Variables:
JAVA_HOME=E:\work_tool\Java\jdk1.8.0_191
PATH=C:\Windows\system32;C:\Windows;C:\Windows\System32\Wbem;C:\Windows\System32\WindowsPowerShell\v1.0\;C:\Windows\System32\OpenSSH\;C:\Program Files (x86)\NVIDIA Corporation\PhysX\Common;C:\Program Files\NVIDIA Corporation\NVIDIA NvDLISR;E:\work_tool\Java\jdk1.8.0_191\bin;E:\work_tool\Java\jdk1.8.0_191\jre\bin;C:\Program Files\Microsoft SQL Server\130\Tools\Binn\;C:\Program Files\dotnet\;C:\WINDOWS\system32;C:\WINDOWS;C:\WINDOWS\System32\Wbem;C:\WINDOWS\System32\WindowsPowerShell\v1.0\;C:\WINDOWS\System32\OpenSSH\;E:\software\Git\cmd;C:\Program Files\TortoiseGit\bin;%MYSQL_HOME%\bin;E:\work_tool\Xshell\;E:\work_tool\Xftp\;D:\anaconda;D:\anaconda\Library\mingw-w64\bin;D:\anaconda\Library\usr\bin;D:\anaconda\Library\bin;D:\anaconda\Scripts;C:\Users\86130\AppData\Local\Microsoft\WindowsApps;C:\Users\86130\.dotnet\tools;;E:\work_tool\Fiddler
USERNAME=86130
OS=Windows_NT
PROCESSOR_IDENTIFIER=Intel64 Family 6 Model 165 Stepping 2, GenuineIntel



---------------  S Y S T E M  ---------------

OS: Windows 10.0 , 64 bit Build 19041 (10.0.19041.3031)

CPU:total 12 (initial active 12) (6 cores per cpu, 2 threads per core) family 6 model 165 stepping 2, cmov, cx8, fxsr, mmx, sse, sse2, sse3, ssse3, sse4.1, sse4.2, popcnt, avx, avx2, aes, clmul, erms, 3dnowpref, lzcnt, ht, tsc, tscinvbit, bmi1, bmi2, adx

Memory: 4k page, physical 16682800k(875588k free), swap 29789996k(5164k free)

vm_info: Java HotSpot(TM) 64-Bit Server VM (25.191-b12) for windows-amd64 JRE (1.8.0_191-b12), built on Oct  6 2018 09:29:03 by "java_re" with MS VC++ 10.0 (VS2010)

time: Sat Aug 12 13:06:34 2023
elapsed time: 0 seconds (0d 0h 0m 0s)

